# Time of run:
# Wed Jan  4 15:50:05 2023
# Command:
# ./berkeley_parse_analyser/classify_english.py sample_data/wsj01.mrg sample_data/berkeley.mrg out/berkeley/berkeley
#
Printing tree transformations
Sentence 1:
4 Initial errors
0 on fringe, 3 iterations
2 Error:Different label
1 Error:Single Word Phrase
1 Error:Single Word Phrase
Step:UNSET init
{'type': 'init', 'classified_type': 'UNSET init'}
(ROOT
	(S
		(PP For six years)
		(NP T. Marshall Hahn Jr.)
		(VP
			(VBZ has)
			(VP
				(VBN made)
				(NP corporate acquisitions)
				(PP
					(IN in)
					(NP
						(NP the George Bush mode)
						[01;36m(ADJP[00m [01;31m(NP[00m
							[01;31m(NP[00m
								([01;36mJJ[00m [01;31mNN[00m kind)[01;31m)[00m
							(CC and)
							[01;31m(NP[00m
								(JJ gentle)[01;31m)[00m[01;31m)[00m[01;36m)[00m))))))
Step:Different label
{'type': 'relabel', 'change': ('NP', 'ADJP'), 'subtrees': ['NP', 'CC', 'NP'], 'parent': 'NP', 'span': (16, 19), 'family': ['NP', 'ADJP'], 'auto preterminals': ('NN', 'CC', 'JJ'), 'auto preterminal span': (16, 19), 'over_word': False, 'classified_type': 'Different label'}
(ROOT
	(S
		(PP For six years)
		(NP T. Marshall Hahn Jr.)
		(VP
			(VBZ has)
			(VP
				(VBN made)
				(NP corporate acquisitions)
				(PP
					(IN in)
					(NP
						(NP the George Bush mode)
						(ADJP
							[01;31m(NP[00m
								([01;36mJJ[00m [01;31mNN[00m kind)[01;31m)[00m
							(CC and)
							[01;31m(NP[00m
								(JJ gentle)[01;31m)[00m)))))))
Step:Single Word Phrase
{'type': 'remove', 'label': 'NP', 'span': (16, 17), 'subtrees': ['NN'], 'parent': 'ADJP', 'family': ['NP', 'CC', 'NP'], 'left siblings': [], 'right siblings': ['CC', 'NP'], 'over words': True, 'over_word': True, 'auto preterminals': ('NN', 'CC', 'JJ'), 'auto preterminal span': (16, 19), 'classified_type': 'Single Word Phrase'}
(ROOT
	(S
		(PP For six years)
		(NP T. Marshall Hahn Jr.)
		(VP
			(VBZ has)
			(VP
				(VBN made)
				(NP corporate acquisitions)
				(PP
					(IN in)
					(NP
						(NP the George Bush mode)
						(ADJP
							([01;36mJJ[00m [01;31mNN[00m kind)
							(CC and)
							[01;31m(NP[00m
								(JJ gentle)[01;31m)[00m)))))))
Step:Single Word Phrase
{'type': 'remove', 'label': 'NP', 'span': (18, 19), 'subtrees': ['JJ'], 'parent': 'ADJP', 'family': ['NN', 'CC', 'NP'], 'left siblings': ['NN', 'CC'], 'right siblings': [], 'over words': True, 'over_word': True, 'auto preterminals': ('NN', 'CC', 'JJ'), 'auto preterminal span': (16, 19), 'classified_type': 'Single Word Phrase'}
(ROOT
	(S
		(PP For six years)
		(NP T. Marshall Hahn Jr.)
		(VP
			(VBZ has)
			(VP
				(VBN made)
				(NP corporate acquisitions)
				(PP
					(IN in)
					(NP
						(NP the George Bush mode)
						(ADJP
							([01;36mJJ[00m [01;31mNN[00m kind)
							(CC and)
							(JJ gentle))))))))

Sentence 2:
7 Initial errors
0 on fringe, 4 iterations
2 Error:Different label
2 Error:Different label
2 Error:Modifier Attachment
1 Error:Modifier Attachment
Step:UNSET init
{'type': 'init', 'classified_type': 'UNSET init'}
[01;36m(NP[00m
	(ROOT
		[01;31m(S[00m
			[01;36m(NP[00m
				(NP The question)
				(ADVP now)[01;36m)[00m
			[01;36m(SQ[00m [01;31m(SINV[00m
				(MD Can)
				(NP he)
				(VP
					(VB act)
					[01;36m(PP[00m
						(ADVP more)
						[01;31m(PP[00m
							(IN like)
							(NP
								([01;36mJJ[00m [01;31mNN[00m hard-charging)
								(NNP Teddy)
								(NNP Roosevelt))[01;31m)[00m[01;36m)[00m)[01;31m)[00m[01;36m)[00m[01;31m)[00m)[01;36m)[00m
Step:Different label
{'type': 'relabel', 'change': ('S', 'NP'), 'subtrees': ['NP', 'ADVP', 'SINV'], 'parent': 'ROOT', 'span': (0, 11), 'family': ['NP'], 'auto preterminals': ('DT', 'NN', 'RB', 'MD', 'PRP', 'VB', 'RBR', 'IN', 'NN', 'NNP', 'NNP'), 'auto preterminal span': (0, 11), 'over_word': False, 'classified_type': 'Different label'}
(ROOT
	(NP
		[01;36m(NP[00m
			(NP The question)
			(ADVP now)[01;36m)[00m
		[01;36m(SQ[00m [01;31m(SINV[00m
			(MD Can)
			(NP he)
			(VP
				(VB act)
				[01;36m(PP[00m
					(ADVP more)
					[01;31m(PP[00m
						(IN like)
						(NP
							([01;36mJJ[00m [01;31mNN[00m hard-charging)
							(NNP Teddy)
							(NNP Roosevelt))[01;31m)[00m[01;36m)[00m)[01;31m)[00m[01;36m)[00m))
Step:Different label
{'type': 'relabel', 'change': ('SINV', 'SQ'), 'subtrees': ['MD', 'NP', 'VP'], 'parent': 'NP', 'span': (3, 11), 'family': ['NP', 'ADVP', 'SQ'], 'auto preterminals': ('MD', 'PRP', 'VB', 'RBR', 'IN', 'NN', 'NNP', 'NNP'), 'auto preterminal span': (3, 11), 'over_word': False, 'classified_type': 'Different label'}
(ROOT
	(NP
		[01;36m(NP[00m
			(NP The question)
			(ADVP now)[01;36m)[00m
		(SQ
			(MD Can)
			(NP he)
			(VP
				(VB act)
				[01;36m(PP[00m
					(ADVP more)
					[01;31m(PP[00m
						(IN like)
						(NP
							([01;36mJJ[00m [01;31mNN[00m hard-charging)
							(NNP Teddy)
							(NNP Roosevelt))[01;31m)[00m[01;36m)[00m))))
Step:Modifier Attachment
{'type': 'move', 'old_parent': 'VP', 'new_parent': 'PP', 'movers': ['ADVP'], 'mover info': [('ADVP', (6, 7))], 'new_family': ['ADVP', 'IN', 'NP'], 'old_family': ['VB', 'ADVP', 'PP'], 'start left siblings': ['VB'], 'start right siblings': ['PP'], 'end left siblings': [], 'end right siblings': ['IN', 'NP'], 'auto preterminals': ('VB', 'RBR', 'IN', 'NN', 'NNP', 'NNP'), 'auto preterminal span': (5, 11), 'POS confusion': ('RBR', 'RBR'), 'classified_type': 'Modifier Attachment'}
(ROOT
	(NP
		[01;36m(NP[00m
			(NP The question)
			(ADVP now)[01;36m)[00m
		(SQ
			(MD Can)
			(NP he)
			(VP
				(VB act)
				(PP
					(ADVP more)
					(IN like)
					(NP
						([01;36mJJ[00m [01;31mNN[00m hard-charging)
						(NNP Teddy)
						(NNP Roosevelt)))))))
Step:Modifier Attachment
{'type': 'add', 'label': 'NP', 'span': (0, 3), 'subtrees': ['NP', 'ADVP'], 'parent': 'NP', 'family': ['NP', 'SQ'], 'auto preterminals': ('DT', 'NN', 'RB'), 'auto preterminal span': (0, 3), 'left siblings': [], 'right siblings': [(SQ (MD Can) (NP (PRP he)) (VP (VB act) (PP (ADVP (RBR more)) (IN like) (NP (NN hard-charging) (NNP Teddy) (NNP Roosevelt)))))], 'over_word': False, 'over words': False, 'classified_type': 'Modifier Attachment'}
(ROOT
	(NP
		(NP The question now)
		(SQ
			(MD Can)
			(NP he)
			(VP
				(VB act)
				(PP
					(ADVP more)
					(IN like)
					(NP
						([01;36mJJ[00m [01;31mNN[00m hard-charging)
						(NNP Teddy)
						(NNP Roosevelt)))))))

Sentence 3:
0 Initial errors
0 on fringe, 0 iterations

Sentence 4:
0 Initial errors
0 on fringe, 0 iterations

Sentence 5:
12 Initial errors
0 on fringe, 1 iterations
12 Error:Clause Attachment
Step:UNSET init
{'type': 'init', 'classified_type': 'UNSET init'}
(ROOT
	(S
		(ADVP
			([01;36mIN[00m [01;31mRB[00m So)
			(RB far))
		(NP Mr. Hahn)
		(VP
			(VBZ is)
			(VP
				(VBG trying)
				[01;31m(S[00m [01;33m(VP (S[00m
					[01;31m(VP[00m
						(TO to)
						[01;31m(VP[00m [01;33m(VP[00m
							(VB entice)
							(NP Nekoosa)
							[01;31m(PP[00m [01;33m(PP[00m
								(IN into)
								[01;31m(S[00m
									[01;31m(VP[00m
										[01;36m(VP[00m
											[01;36m(S[00m
												(VBG negotiating)
												(NP a friendly surrender) [01;33mPP) VP) S) VP)[00m[01;36m)[00m[01;36m)[00m
										(SBAR while talking tough)[01;31m)[00m[01;31m)[00m[01;31m)[00m[01;31m)[00m[01;31m)[00m[01;31m)[00m))))
Step:Clause Attachment
{'type': 'move', 'old_parent': 'VP', 'new_parent': 'VP', 'movers': ['SBAR'], 'mover info': [('SBAR', (14, 17))], 'new_family': ['VBG', 'S', 'SBAR'], 'old_family': ['VBG', 'NP', 'SBAR'], 'start left siblings': ['VBG', 'NP'], 'start right siblings': [], 'end left siblings': ['VBG', 'S'], 'end right siblings': [], 'auto preterminals': ('VBG', 'TO', 'VB', 'NNP', 'IN', 'VBG', 'DT', 'JJ', 'NN', 'IN', 'VBG', 'JJ'), 'auto preterminal span': (5, 17), 'classified_type': 'Clause Attachment'}
(ROOT
	(S
		(ADVP
			([01;36mIN[00m [01;31mRB[00m So)
			(RB far))
		(NP Mr. Hahn)
		(VP is trying to entice Nekoosa into negotiating a friendly surrender while talking tough)))

Sentence 6:
2 Initial errors
0 on fringe, 1 iterations
2 Error:Different label
Step:UNSET init
{'type': 'init', 'classified_type': 'UNSET init'}
(ROOT
	(S
		(S
			(NP We)
			(VP
				(VBP are)
				[01;36m(VP[00m [01;31m(ADJP[00m
					([01;36mVBN[00m [01;31mJJ[00m prepared)
					(S to pursue aggressively completion of this transaction)[01;31m)[00m[01;36m)[00m))
		(NP he)
		(VP says)))
Step:Different label
{'type': 'relabel', 'change': ('ADJP', 'VP'), 'subtrees': ['JJ', 'S'], 'parent': 'VP', 'span': (2, 10), 'family': ['VBP', 'VP'], 'auto preterminals': ('JJ', 'TO', 'VB', 'RB', 'NN', 'IN', 'DT', 'NN'), 'auto preterminal span': (2, 10), 'over_word': False, 'classified_type': 'Different label'}
(ROOT
	(S
		(S
			(NP We)
			(VP
				(VBP are)
				(VP
					([01;36mVBN[00m [01;31mJJ[00m prepared)
					(S to pursue aggressively completion of this transaction))))
		(NP he)
		(VP says)))

Sentence 7:
9 Initial errors
0 on fringe, 3 iterations
5 Error:PP Attachment
2 Error:Single Word Phrase
2 Error:NP Attachment
Step:UNSET init
{'type': 'init', 'classified_type': 'UNSET init'}
(ROOT
	(S
		(CC But)
		(NP a takeover battle)
		(VP
			(VBZ opens)
			(ADVP up)
			[01;36m(NP[00m
				[01;31m(NP[00m
					(NP the possibility)
					[01;31m(PP[00m [01;33m(PP[00m
						(IN of)
						[01;33m(NP[00m (NP a bidding war)[01;31m)[00m[01;31m)[00m
				(PP
					(IN with)
					(NP
						(NP all)
						[01;36m(S[00m
							(SBAR
								[01;36m(NP[00m [01;31m(WHNP[00m
									([01;36mDT[00m [01;31mWDT[00m that)[01;31m)[00m[01;36m)[00m
								[01;31m(S[00m
									(VP
										(VBZ implies))[01;31m)[00m)[01;36m)[00m))[01;36m)[00m))) [01;33mNP) PP)[00m
Step:PP Attachment
{'type': 'move', 'old_parent': 'VP', 'new_parent': 'PP', 'movers': ['PP'], 'mover info': [('PP', (12, 16))], 'new_family': ['IN', 'NP', 'PP'], 'old_family': ['VBZ', 'ADVP', 'NP', 'PP'], 'start left siblings': ['VBZ', 'ADVP', 'NP'], 'start right siblings': [], 'end left siblings': ['IN', 'NP'], 'end right siblings': [], 'auto preterminals': ('VBZ', 'RP', 'DT', 'NN', 'IN', 'DT', 'NN', 'NN', 'IN', 'DT', 'WDT', 'VBZ'), 'auto preterminal span': (4, 16), 'added and moved': True, 'added label': 'S', 'adding node already present': False, 'classified_type': 'PP Attachment'}
(ROOT
	(S
		(CC But)
		(NP a takeover battle)
		(VP
			(VBZ opens)
			(ADVP up)
			(NP
				(NP the possibility)
				(PP
					(IN of)
					(NP
						(NP a bidding war)
						(PP
							(IN with)
							(NP
								(NP all)
								[01;36m(S[00m
									(SBAR
										[01;36m(NP[00m [01;31m(WHNP[00m
											([01;36mDT[00m [01;31mWDT[00m that)[01;31m)[00m[01;36m)[00m
										[01;31m(S[00m
											(VP
												(VBZ implies))[01;31m)[00m)[01;36m)[00m))))))))
Step:Single Word Phrase
{'type': 'relabel', 'change': ('WHNP', 'NP'), 'subtrees': ['WDT'], 'parent': 'SBAR', 'span': (14, 15), 'family': ['NP', 'S'], 'auto preterminals': ('WDT',), 'auto preterminal span': (14, 15), 'over_word': True, 'classified_type': 'Single Word Phrase'}
(ROOT
	(S
		(CC But)
		(NP a takeover battle)
		(VP
			(VBZ opens)
			(ADVP up)
			(NP
				(NP the possibility)
				(PP
					(IN of)
					(NP
						(NP a bidding war)
						(PP
							(IN with)
							(NP
								(NP all)
								[01;36m(S[00m
									(SBAR
										(NP
											([01;36mDT[00m [01;31mWDT[00m that))
										[01;31m(S[00m
											(VP
												(VBZ implies))[01;31m)[00m)[01;36m)[00m))))))))
Step:NP Attachment
{'type': 'move', 'old_parent': 'SBAR', 'new_parent': 'S', 'movers': ['NP'], 'mover info': [('NP', (14, 15))], 'new_family': ['NP', 'VP'], 'old_family': ['NP', 'S'], 'start left siblings': [], 'start right siblings': ['S'], 'end left siblings': [], 'end right siblings': ['VP'], 'auto preterminals': ('WDT', 'VBZ'), 'auto preterminal span': (14, 16), 'POS confusion': ('WDT', 'DT'), 'classified_type': 'NP Attachment'}
(ROOT
	(S
		(CC But)
		(NP a takeover battle)
		(VP
			(VBZ opens)
			(ADVP up)
			(NP
				(NP the possibility)
				(PP
					(IN of)
					(NP
						(NP a bidding war)
						(PP
							(IN with)
							(NP
								(NP all)
								(SBAR
									(S
										(NP
											([01;36mDT[00m [01;31mWDT[00m that))
										(VP implies)))))))))))

Sentence 8:
1 Initial errors
0 on fringe, 1 iterations
1 Error:PP Attachment
Step:UNSET init
{'type': 'init', 'classified_type': 'UNSET init'}
(ROOT
	(S
		(SBAR If a competitor enters the game)
		(PP for example)
		(NP Mr. Hahn)
		(VP
			(MD could)
			(VP
				(VB face)
				(NP
					(NP the dilemma)
					(PP
						(IN of)
						(S
							(VP
								(VP
									(VBG paying)
									[01;31m(NP[00m
										(NP a premium)
										(PP for Nekoosa)[01;31m)[00m)
								(CC or)
								(VP
									(VBG seeing)
									(S
										(NP the company)
										(VP
											([01;36mNN[00m [01;31mVB[00m fall)
											(PP into the arms of a rival))))))))))))
Step:PP Attachment
{'type': 'remove', 'label': 'NP', 'span': (16, 20), 'subtrees': ['NP', 'PP'], 'parent': 'VP', 'family': ['VBG', 'NP'], 'left siblings': ['VBG'], 'right siblings': [], 'over words': False, 'over_word': False, 'auto preterminals': ('VBG', 'DT', 'NN', 'IN', 'NNP'), 'auto preterminal span': (15, 20), 'classified_type': 'PP Attachment'}
(ROOT
	(S
		(SBAR If a competitor enters the game)
		(PP for example)
		(NP Mr. Hahn)
		(VP
			(MD could)
			(VP
				(VB face)
				(NP
					(NP the dilemma)
					(PP
						(IN of)
						(S
							(VP
								(VP paying a premium for Nekoosa)
								(CC or)
								(VP
									(VBG seeing)
									(S
										(NP the company)
										(VP
											([01;36mNN[00m [01;31mVB[00m fall)
											(PP into the arms of a rival))))))))))))

Sentence 9:
7 Initial errors
0 on fringe, 4 iterations
3 Error:Co-ordination
2 Error:Different label
1 Error:Unary
1 Error:PP Attachment
Step:UNSET init
{'type': 'init', 'classified_type': 'UNSET init'}
(ROOT
	(S
		[01;36m(VP[00m [01;36m(S[00m [01;31m(PP[00m
			(VBN Given)
			(NP that choice)[01;31m)[00m[01;36m)[00m[01;36m)[00m
		(NP [01;33m(NP[00m
			(NP associates)
			[01;31m(PP[00m [01;33m(PP[00m
				(IN of)
				[01;31m(NP[00m
					(NP Mr. Hahn) [01;33mPP) NP)[00m
					(CC and)
					(NP industry observers)[01;31m)[00m[01;31m)[00m)
		(VP say the former university president who has developed a reputation for not overpaying for anything would fold)))
Step:Co-ordination
{'type': 'move', 'old_parent': 'NP', 'new_parent': 'NP', 'movers': ['CC', 'NP'], 'mover info': [('CC', (7, 8)), ('NP', (8, 10))], 'new_family': ['NP', 'PP', 'CC', 'NP'], 'old_family': ['NP', 'CC', 'NP'], 'start left siblings': ['NP'], 'start right siblings': [], 'end left siblings': ['NP', 'PP'], 'end right siblings': [], 'auto preterminals': ('NNS', 'IN', 'NNP', 'NNP', 'CC', 'NN', 'NNS'), 'auto preterminal span': (3, 10), 'classified_type': 'Co-ordination'}
(ROOT
	(S
		[01;36m(VP[00m [01;36m(S[00m [01;31m(PP[00m
			(VBN Given)
			(NP that choice)[01;31m)[00m[01;36m)[00m[01;36m)[00m
		(NP
			[01;36m(NP[00m
				(NP associates)
				(PP of Mr. Hahn)[01;36m)[00m
			(CC and)
			(NP industry observers))
		(VP say the former university president who has developed a reputation for not overpaying for anything would fold)))
Step:Different label
{'type': 'relabel', 'change': ('PP', 'S'), 'subtrees': ['VBN', 'NP'], 'parent': 'S', 'span': (0, 3), 'family': ['S', 'NP', 'VP'], 'auto preterminals': ('VBN', 'DT', 'NN'), 'auto preterminal span': (0, 3), 'over_word': False, 'classified_type': 'Different label'}
(ROOT
	(S
		[01;36m(VP[00m
			(S
				(VBN Given)
				(NP that choice))[01;36m)[00m
		(NP
			[01;36m(NP[00m
				(NP associates)
				(PP of Mr. Hahn)[01;36m)[00m
			(CC and)
			(NP industry observers))
		(VP say the former university president who has developed a reputation for not overpaying for anything would fold)))
Step:Unary
{'type': 'add', 'label': 'VP', 'span': (0, 3), 'subtrees': ['S'], 'parent': 'S', 'family': ['VP', 'NP', 'VP'], 'auto preterminals': ('VBN', 'DT', 'NN'), 'auto preterminal span': (0, 3), 'left siblings': [], 'right siblings': [(NP (NP (NNS associates)) (PP (IN of) (NP (NNP Mr.) (NNP Hahn))) (CC and) (NP (NN industry) (NNS observers))), (VP (VBP say) (SBAR (S (NP (NP (DT the) (JJ former) (NN university) (NN president)) (PRN (SBAR (WHNP (WP who)) (S (VP (VBZ has) (VP (VBN developed) (NP (NP (DT a) (NN reputation)) (PP (IN for) (S (RB not) (VP (VBG overpaying) (PP (IN for) (NP (NN anything))))))))))))) (VP (MD would) (VP (VB fold))))))], 'over_word': False, 'over words': False, 'classified_type': 'Unary'}
(ROOT
	(S
		(VP Given that choice)
		(NP
			[01;36m(NP[00m
				(NP associates)
				(PP of Mr. Hahn)[01;36m)[00m
			(CC and)
			(NP industry observers))
		(VP say the former university president who has developed a reputation for not overpaying for anything would fold)))
Step:PP Attachment
{'type': 'add', 'label': 'NP', 'span': (3, 7), 'subtrees': ['NP', 'PP'], 'parent': 'NP', 'family': ['NP', 'CC', 'NP'], 'auto preterminals': ('NNS', 'IN', 'NNP', 'NNP'), 'auto preterminal span': (3, 7), 'left siblings': [], 'right siblings': [(CC and), (NP (NN industry) (NNS observers))], 'over_word': False, 'over words': False, 'classified_type': 'PP Attachment'}
(ROOT Given that choice associates of Mr. Hahn and industry observers say the former university president who has developed a reputation for not overpaying for anything would fold)

Sentence 10:
2 Initial errors
0 on fringe, 2 iterations
1 Error:NP Internal Structure
1 Error:Unary
Step:UNSET init
{'type': 'init', 'classified_type': 'UNSET init'}
(ROOT
	(SINV
		(S
			(NP There)
			(VP
				(VBZ 's)
				(NP
					(NP a price)
					(SBAR
						(WHPP above which)
						(S
							(NP I)
							(VP
								(VBP 'm)
								(ADJP
									(JJ positive)
									(SBAR
										(S
											(NP Marshall)
											(VP
												(VBZ has)
												(NP
													[01;36m(NP[00m
														(DT the)
														(NN courage)[01;36m)[00m
													[01;36m(SBAR[00m
														(S
															(RB not)
															(VP to pay))[01;36m)[00m)))))))))))
		(VP says)
		(NP
			(NP A.D. Correll)
			(NP
				(NP
					(NP Georgia-Pacific 's)
					([01;36mJJ[00m [01;31mNN[00m executive)
					(NN vice)
					(NN president))
				(PP for pulp and paper)))))
Step:NP Internal Structure
{'type': 'add', 'label': 'NP', 'span': (11, 13), 'subtrees': ['DT', 'NN'], 'parent': 'NP', 'family': ['NP', 'S'], 'auto preterminals': ('DT', 'NN'), 'auto preterminal span': (11, 13), 'left siblings': [], 'right siblings': [(S (RB not) (VP (TO to) (VP (VB pay))))], 'over_word': False, 'over words': True, 'classified_type': 'NP Internal Structure'}
(ROOT
	(SINV
		(S
			(NP There)
			(VP
				(VBZ 's)
				(NP
					(NP a price)
					(SBAR
						(WHPP above which)
						(S
							(NP I)
							(VP
								(VBP 'm)
								(ADJP
									(JJ positive)
									(SBAR
										(S
											(NP Marshall)
											(VP
												(VBZ has)
												(NP
													(NP the courage)
													[01;36m(SBAR[00m
														(S
															(RB not)
															(VP to pay))[01;36m)[00m)))))))))))
		(VP says)
		(NP
			(NP A.D. Correll)
			(NP
				(NP
					(NP Georgia-Pacific 's)
					([01;36mJJ[00m [01;31mNN[00m executive)
					(NN vice)
					(NN president))
				(PP for pulp and paper)))))
Step:Unary
{'type': 'add', 'label': 'SBAR', 'span': (13, 16), 'subtrees': ['S'], 'parent': 'NP', 'family': ['NP', 'SBAR'], 'auto preterminals': ('RB', 'TO', 'VB'), 'auto preterminal span': (13, 16), 'left siblings': [(NP (DT the) (NN courage))], 'right siblings': [], 'over_word': False, 'over words': False, 'classified_type': 'Unary'}
(ROOT
	(SINV
		(S There 's a price above which I 'm positive Marshall has the courage not to pay)
		(VP says)
		(NP
			(NP A.D. Correll)
			(NP
				(NP
					(NP Georgia-Pacific 's)
					([01;36mJJ[00m [01;31mNN[00m executive)
					(NN vice)
					(NN president))
				(PP for pulp and paper)))))

